This is pdfTeX, Version 3.14159265-2.6-1.40.20 (MiKTeX 2.9.7050 64-bit) (preloaded format=pdflatex 2019.7.25)  26 JUL 2019 00:28
entering extended mode
**./T1.tex
(T1.tex
LaTeX2e <2018-12-01>
("D:\Archivos de Programa\MikTex\tex/latex/base\article.cls"
Document Class: article 2018/09/03 v1.4i Standard LaTeX document class
("D:\Archivos de Programa\MikTex\tex/latex/base\size10.clo"
File: size10.clo 2018/09/03 v1.4i Standard LaTeX file (size option)
)
\c@part=\count80
\c@section=\count81
\c@subsection=\count82
\c@subsubsection=\count83
\c@paragraph=\count84
\c@subparagraph=\count85
\c@figure=\count86
\c@table=\count87
\abovecaptionskip=\skip41
\belowcaptionskip=\skip42
\bibindent=\dimen102
)
("D:\Archivos de Programa\MikTex\tex/latex/geometry\geometry.sty"
Package: geometry 2018/04/16 v5.8 Page Geometry

("D:\Archivos de Programa\MikTex\tex/latex/graphics\keyval.sty"
Package: keyval 2014/10/28 v1.15 key=value parser (DPC)
\KV@toks@=\toks14
)
("D:\Archivos de Programa\MikTex\tex/generic/oberdiek\ifpdf.sty"
Package: ifpdf 2018/09/07 v3.3 Provides the ifpdf switch
)
("D:\Archivos de Programa\MikTex\tex/generic/oberdiek\ifvtex.sty"
Package: ifvtex 2016/05/16 v1.6 Detect VTeX and its facilities (HO)
Package ifvtex Info: VTeX not detected.
)
("D:\Archivos de Programa\MikTex\tex/generic/ifxetex\ifxetex.sty"
Package: ifxetex 2010/09/12 v0.6 Provides ifxetex conditional
)
\Gm@cnth=\count88
\Gm@cntv=\count89
\c@Gm@tempcnt=\count90
\Gm@bindingoffset=\dimen103
\Gm@wd@mp=\dimen104
\Gm@odd@mp=\dimen105
\Gm@even@mp=\dimen106
\Gm@layoutwidth=\dimen107
\Gm@layoutheight=\dimen108
\Gm@layouthoffset=\dimen109
\Gm@layoutvoffset=\dimen110
\Gm@dimlist=\toks15

("D:\Archivos de Programa\MikTex\tex/latex/geometry\geometry.cfg"))
("D:\Archivos de Programa\MikTex\tex/latex/physics\physics.sty"
Package: physics 

("D:\Archivos de Programa\MikTex\tex/latex/l3packages/xparse\xparse.sty"
("D:\Archivos de Programa\MikTex\tex/latex/l3kernel\expl3.sty"
Package: expl3 2019-07-01 L3 programming layer (loader) 

("D:\Archivos de Programa\MikTex\tex/latex/l3kernel\expl3-code.tex"
Package: expl3 2019-07-01 L3 programming layer (code)
\c_max_int=\count91
\l_tmpa_int=\count92
\l_tmpb_int=\count93
\g_tmpa_int=\count94
\g_tmpb_int=\count95
\g__kernel_prg_map_int=\count96
\c__ior_term_ior=\count97
\c_log_iow=\count98
\l_iow_line_count_int=\count99
\l__iow_line_target_int=\count100
\l__iow_one_indent_int=\count101
\l__iow_indent_int=\count102
\c_zero_dim=\dimen111
\c_max_dim=\dimen112
\l_tmpa_dim=\dimen113
\l_tmpb_dim=\dimen114
\g_tmpa_dim=\dimen115
\g_tmpb_dim=\dimen116
\c_zero_skip=\skip43
\c_max_skip=\skip44
\l_tmpa_skip=\skip45
\l_tmpb_skip=\skip46
\g_tmpa_skip=\skip47
\g_tmpb_skip=\skip48
\c_zero_muskip=\muskip10
\c_max_muskip=\muskip11
\l_tmpa_muskip=\muskip12
\l_tmpb_muskip=\muskip13
\g_tmpa_muskip=\muskip14
\g_tmpb_muskip=\muskip15
\l_keys_choice_int=\count103
\l__intarray_loop_int=\count104
\c__intarray_sp_dim=\dimen117
\g__intarray_font_int=\count105
\c__fp_leading_shift_int=\count106
\c__fp_middle_shift_int=\count107
\c__fp_trailing_shift_int=\count108
\c__fp_big_leading_shift_int=\count109
\c__fp_big_middle_shift_int=\count110
\c__fp_big_trailing_shift_int=\count111
\c__fp_Bigg_leading_shift_int=\count112
\c__fp_Bigg_middle_shift_int=\count113
\c__fp_Bigg_trailing_shift_int=\count114
\c__kernel_randint_max_int=\count115
\g__fp_array_int=\count116
\l__fp_array_loop_int=\count117
\l__sort_length_int=\count118
\l__sort_min_int=\count119
\l__sort_top_int=\count120
\l__sort_max_int=\count121
\l__sort_true_max_int=\count122
\l__sort_block_int=\count123
\l__sort_begin_int=\count124
\l__sort_end_int=\count125
\l__sort_A_int=\count126
\l__sort_B_int=\count127
\l__sort_C_int=\count128
\l__str_internal_int=\count129
\c__str_replacement_char_int=\count130
\l__tl_analysis_normal_int=\count131
\l__tl_analysis_index_int=\count132
\l__tl_analysis_nesting_int=\count133
\l__tl_analysis_type_int=\count134
\l__regex_internal_a_int=\count135
\l__regex_internal_b_int=\count136
\l__regex_internal_c_int=\count137
\l__regex_balance_int=\count138
\l__regex_group_level_int=\count139
\l__regex_mode_int=\count140
\c__regex_cs_in_class_mode_int=\count141
\c__regex_cs_mode_int=\count142
\l__regex_catcodes_int=\count143
\l__regex_default_catcodes_int=\count144
\c__regex_catcode_D_int=\count145
\c__regex_catcode_S_int=\count146
\c__regex_catcode_L_int=\count147
\c__regex_catcode_O_int=\count148
\c__regex_catcode_A_int=\count149
\c__regex_all_catcodes_int=\count150
\l__regex_show_lines_int=\count151
\l__regex_min_state_int=\count152
\l__regex_max_state_int=\count153
\l__regex_left_state_int=\count154
\l__regex_right_state_int=\count155
\l__regex_capturing_group_int=\count156
\l__regex_min_pos_int=\count157
\l__regex_max_pos_int=\count158
\l__regex_curr_pos_int=\count159
\l__regex_start_pos_int=\count160
\l__regex_success_pos_int=\count161
\l__regex_curr_char_int=\count162
\l__regex_curr_catcode_int=\count163
\l__regex_last_char_int=\count164
\l__regex_case_changed_char_int=\count165
\l__regex_curr_state_int=\count166
\l__regex_step_int=\count167
\l__regex_min_active_int=\count168
\l__regex_max_active_int=\count169
\l__regex_replacement_csnames_int=\count170
\l__regex_match_count_int=\count171
\l__regex_min_submatch_int=\count172
\l__regex_submatch_int=\count173
\l__regex_zeroth_submatch_int=\count174
\g__regex_trace_regex_int=\count175
\c_empty_box=\box27
\l_tmpa_box=\box28
\l_tmpb_box=\box29
\g_tmpa_box=\box30
\g_tmpb_box=\box31
\l__box_top_dim=\dimen118
\l__box_bottom_dim=\dimen119
\l__box_left_dim=\dimen120
\l__box_right_dim=\dimen121
\l__box_top_new_dim=\dimen122
\l__box_bottom_new_dim=\dimen123
\l__box_left_new_dim=\dimen124
\l__box_right_new_dim=\dimen125
\l__box_internal_box=\box32
\l__coffin_internal_box=\box33
\l__coffin_internal_dim=\dimen126
\l__coffin_offset_x_dim=\dimen127
\l__coffin_offset_y_dim=\dimen128
\l__coffin_x_dim=\dimen129
\l__coffin_y_dim=\dimen130
\l__coffin_x_prime_dim=\dimen131
\l__coffin_y_prime_dim=\dimen132
\c_empty_coffin=\box34
\l__coffin_aligned_coffin=\box35
\l__coffin_aligned_internal_coffin=\box36
\l_tmpa_coffin=\box37
\l_tmpb_coffin=\box38
\g_tmpa_coffin=\box39
\g_tmpb_coffin=\box40
\l__coffin_bounding_shift_dim=\dimen133
\l__coffin_left_corner_dim=\dimen134
\l__coffin_right_corner_dim=\dimen135
\l__coffin_bottom_corner_dim=\dimen136
\l__coffin_top_corner_dim=\dimen137
\l__coffin_scaled_total_height_dim=\dimen138
\l__coffin_scaled_width_dim=\dimen139
\c__coffin_empty_coffin=\box41
\l__coffin_display_coffin=\box42
\l__coffin_display_coord_coffin=\box43
\l__coffin_display_pole_coffin=\box44
\l__coffin_display_offset_dim=\dimen140
\l__coffin_display_x_dim=\dimen141
\l__coffin_display_y_dim=\dimen142
\g__file_internal_ior=\read1
\l__seq_internal_a_int=\count176
\l__seq_internal_b_int=\count177
\c__deprecation_minus_one=\count178
)
("D:\Archivos de Programa\MikTex\tex/latex/l3backend\l3backend-pdfmode.def"
File: l3backend-pdfmode.def 2019-04-06 v L3 Experimental backend support: PDF m
ode
\l__kernel_color_stack_int=\count179
\l__pdf_internal_box=\box45
))
Package: xparse 2019-05-28 L3 Experimental document command parser
\l__xparse_current_arg_int=\count180
\g__xparse_grabber_int=\count181
\l__xparse_m_args_int=\count182
\l__xparse_v_nesting_int=\count183
)
("D:\Archivos de Programa\MikTex\tex/latex/amsmath\amsmath.sty"
Package: amsmath 2018/12/01 v2.17b AMS math features
\@mathmargin=\skip49

For additional information on amsmath, use the `?' option.
("D:\Archivos de Programa\MikTex\tex/latex/amsmath\amstext.sty"
Package: amstext 2000/06/29 v2.01 AMS text

("D:\Archivos de Programa\MikTex\tex/latex/amsmath\amsgen.sty"
File: amsgen.sty 1999/11/30 v2.0 generic functions
\@emptytoks=\toks16
\ex@=\dimen143
))
("D:\Archivos de Programa\MikTex\tex/latex/amsmath\amsbsy.sty"
Package: amsbsy 1999/11/29 v1.2d Bold Symbols
\pmbraise@=\dimen144
)
("D:\Archivos de Programa\MikTex\tex/latex/amsmath\amsopn.sty"
Package: amsopn 2016/03/08 v2.02 operator names
)
\inf@bad=\count184
LaTeX Info: Redefining \frac on input line 223.
\uproot@=\count185
\leftroot@=\count186
LaTeX Info: Redefining \overline on input line 385.
\classnum@=\count187
\DOTSCASE@=\count188
LaTeX Info: Redefining \ldots on input line 482.
LaTeX Info: Redefining \dots on input line 485.
LaTeX Info: Redefining \cdots on input line 606.
\Mathstrutbox@=\box46
\strutbox@=\box47
\big@size=\dimen145
LaTeX Font Info:    Redeclaring font encoding OML on input line 729.
LaTeX Font Info:    Redeclaring font encoding OMS on input line 730.
\macc@depth=\count189
\c@MaxMatrixCols=\count190
\dotsspace@=\muskip16
\c@parentequation=\count191
\dspbrk@lvl=\count192
\tag@help=\toks17
\row@=\count193
\column@=\count194
\maxfields@=\count195
\andhelp@=\toks18
\eqnshift@=\dimen146
\alignsep@=\dimen147
\tagshift@=\dimen148
\tagwidth@=\dimen149
\totwidth@=\dimen150
\lineht@=\dimen151
\@envbody=\toks19
\multlinegap=\skip50
\multlinetaggap=\skip51
\mathdisplay@stack=\toks20
LaTeX Info: Redefining \[ on input line 2844.
LaTeX Info: Redefining \] on input line 2845.
))
("D:\Archivos de Programa\MikTex\tex/latex/base\inputenc.sty"
Package: inputenc 2018/08/11 v1.3c Input encoding file
\inpenc@prehook=\toks21
\inpenc@posthook=\toks22
)
("D:\Archivos de Programa\MikTex\tex/latex/sectsty\sectsty.sty"
Package: sectsty 2002/02/25 v2.0.2 Commands to change all sectional heading sty
les
)
("D:\Archivos de Programa\MikTex\tex/latex/amsfonts\amssymb.sty"
Package: amssymb 2013/01/14 v3.01 AMS font symbols

("D:\Archivos de Programa\MikTex\tex/latex/amsfonts\amsfonts.sty"
Package: amsfonts 2013/01/14 v3.01 Basic AMSFonts support
\symAMSa=\mathgroup4
\symAMSb=\mathgroup5
LaTeX Font Info:    Overwriting math alphabet `\mathfrak' in version `bold'
(Font)                  U/euf/m/n --> U/euf/b/n on input line 106.
))
("D:\Archivos de Programa\MikTex\tex/latex/amscls\amsthm.sty"
Package: amsthm 2017/10/31 v2.20.4
\thm@style=\toks23
\thm@bodyfont=\toks24
\thm@headfont=\toks25
\thm@notefont=\toks26
\thm@headpunct=\toks27
\thm@preskip=\skip52
\thm@postskip=\skip53
\thm@headsep=\skip54
\dth@everypar=\toks28
)
("D:\Archivos de Programa\MikTex\tex/latex/titlesec\titlesec.sty"
Package: titlesec 2019/07/16 v2.11 Sectioning titles
\ttl@box=\box48
\beforetitleunit=\skip55
\aftertitleunit=\skip56
\ttl@plus=\dimen152
\ttl@minus=\dimen153
\ttl@toksa=\toks29
\titlewidth=\dimen154
\titlewidthlast=\dimen155
\titlewidthfirst=\dimen156
)
("D:\Archivos de Programa\MikTex\tex/latex/tocloft\tocloft.sty"
Package: tocloft 2017/08/31 v2.3i parameterised ToC, etc., typesetting
Package tocloft Info: The document has section divisions on input line 51.
\cftparskip=\skip57
\cftbeforetoctitleskip=\skip58
\cftaftertoctitleskip=\skip59
\cftbeforepartskip=\skip60
\cftpartnumwidth=\skip61
\cftpartindent=\skip62
\cftbeforesecskip=\skip63
\cftsecindent=\skip64
\cftsecnumwidth=\skip65
\cftbeforesubsecskip=\skip66
\cftsubsecindent=\skip67
\cftsubsecnumwidth=\skip68
\cftbeforesubsubsecskip=\skip69
\cftsubsubsecindent=\skip70
\cftsubsubsecnumwidth=\skip71
\cftbeforeparaskip=\skip72
\cftparaindent=\skip73
\cftparanumwidth=\skip74
\cftbeforesubparaskip=\skip75
\cftsubparaindent=\skip76
\cftsubparanumwidth=\skip77
\cftbeforeloftitleskip=\skip78
\cftafterloftitleskip=\skip79
\cftbeforefigskip=\skip80
\cftfigindent=\skip81
\cftfignumwidth=\skip82
\c@lofdepth=\count196
\c@lotdepth=\count197
\cftbeforelottitleskip=\skip83
\cftafterlottitleskip=\skip84
\cftbeforetabskip=\skip85
\cfttabindent=\skip86
\cfttabnumwidth=\skip87
)
("D:\Archivos de Programa\MikTex\tex/latex/tools\tabularx.sty"
Package: tabularx 2016/02/03 v2.11b `tabularx' package (DPC)

("D:\Archivos de Programa\MikTex\tex/latex/tools\array.sty"
Package: array 2018/12/30 v2.4k Tabular extension package (FMi)
\col@sep=\dimen157
\ar@mcellbox=\box49
\extrarowheight=\dimen158
\NC@list=\toks30
\extratabsurround=\skip88
\backup@length=\skip89
\ar@cellbox=\box50
)
\TX@col@width=\dimen159
\TX@old@table=\dimen160
\TX@old@col=\dimen161
\TX@target=\dimen162
\TX@delta=\dimen163
\TX@cols=\count198
\TX@ftn=\toks31
)
("D:\Archivos de Programa\MikTex\tex/latex/graphics\graphicx.sty"
Package: graphicx 2017/06/01 v1.1a Enhanced LaTeX Graphics (DPC,SPQR)

("D:\Archivos de Programa\MikTex\tex/latex/graphics\graphics.sty"
Package: graphics 2017/06/25 v1.2c Standard LaTeX Graphics (DPC,SPQR)

("D:\Archivos de Programa\MikTex\tex/latex/graphics\trig.sty"
Package: trig 2016/01/03 v1.10 sin cos tan (DPC)
)
("D:\Archivos de Programa\MikTex\tex/latex/graphics-cfg\graphics.cfg"
File: graphics.cfg 2016/06/04 v1.11 sample graphics configuration
)
Package graphics Info: Driver file: pdftex.def on input line 99.

("D:\Archivos de Programa\MikTex\tex/latex/graphics-def\pdftex.def"
File: pdftex.def 2018/01/08 v1.0l Graphics/color driver for pdftex
))
\Gin@req@height=\dimen164
\Gin@req@width=\dimen165
)
("D:\Archivos de Programa\MikTex\tex/latex/float\float.sty"
Package: float 2001/11/08 v1.3d Float enhancements (AL)
\c@float@type=\count199
\float@exts=\toks32
\float@box=\box51
\@float@everytoks=\toks33
\@floatcapt=\box52
)
("D:\Archivos de Programa\MikTex\tex/latex/caption\subcaption.sty"
Package: subcaption 2018/05/01 v1.1-162 Sub-captions (AR)

("D:\Archivos de Programa\MikTex\tex/latex/caption\caption.sty"
Package: caption 2018/10/06 v3.3-154 Customizing captions (AR)

("D:\Archivos de Programa\MikTex\tex/latex/caption\caption3.sty"
Package: caption3 2018/09/12 v1.8c caption3 kernel (AR)
Package caption3 Info: TeX engine: e-TeX on input line 64.
\captionmargin=\dimen166
\captionmargin@=\dimen167
\captionwidth=\dimen168
\caption@tempdima=\dimen169
\caption@indent=\dimen170
\caption@parindent=\dimen171
\caption@hangindent=\dimen172
)
\c@caption@flags=\count266
\c@ContinuedFloat=\count267
Package caption Info: float package is loaded.
)
\c@subfigure=\count268
\c@subtable=\count269
)
("D:\Archivos de Programa\MikTex\tex/latex/relsize\relsize.sty"
Package: relsize 2013/03/29 ver 4.1
)
("D:\Archivos de Programa\MikTex\tex/latex/pdfpages\pdfpages.sty"
Package: pdfpages 2017/10/31 v0.5l Insert pages of external PDF documents (AM)

("D:\Archivos de Programa\MikTex\tex/latex/base\ifthen.sty"
Package: ifthen 2014/09/29 v1.1c Standard LaTeX ifthen package (DPC)
)
("D:\Archivos de Programa\MikTex\tex/latex/tools\calc.sty"
Package: calc 2017/05/25 v4.3 Infix arithmetic (KKT,FJ)
\calc@Acount=\count270
\calc@Bcount=\count271
\calc@Adimen=\dimen173
\calc@Bdimen=\dimen174
\calc@Askip=\skip90
\calc@Bskip=\skip91
LaTeX Info: Redefining \setlength on input line 80.
LaTeX Info: Redefining \addtolength on input line 81.
\calc@Ccount=\count272
\calc@Cskip=\skip92
)
("D:\Archivos de Programa\MikTex\tex/latex/eso-pic\eso-pic.sty"
Package: eso-pic 2018/04/12 v2.0h eso-pic (RN)

("D:\Archivos de Programa\MikTex\tex/generic/oberdiek\atbegshi.sty"
Package: atbegshi 2016/06/09 v1.18 At begin shipout hook (HO)

("D:\Archivos de Programa\MikTex\tex/generic/oberdiek\infwarerr.sty"
Package: infwarerr 2016/05/16 v1.4 Providing info/warning/error messages (HO)
)
("D:\Archivos de Programa\MikTex\tex/generic/oberdiek\ltxcmds.sty"
Package: ltxcmds 2016/05/16 v1.23 LaTeX kernel commands for general use (HO)
))
("D:\Archivos de Programa\MikTex\tex/latex/xcolor\xcolor.sty"
Package: xcolor 2016/05/11 v2.12 LaTeX color extensions (UK)

("D:\Archivos de Programa\MikTex\tex/latex/graphics-cfg\color.cfg"
File: color.cfg 2016/01/02 v1.6 sample color configuration
)
Package xcolor Info: Driver file: pdftex.def on input line 225.
Package xcolor Info: Model `cmy' substituted by `cmy0' on input line 1348.
Package xcolor Info: Model `hsb' substituted by `rgb' on input line 1352.
Package xcolor Info: Model `RGB' extended on input line 1364.
Package xcolor Info: Model `HTML' substituted by `rgb' on input line 1366.
Package xcolor Info: Model `Hsb' substituted by `hsb' on input line 1367.
Package xcolor Info: Model `tHsb' substituted by `hsb' on input line 1368.
Package xcolor Info: Model `HSB' substituted by `hsb' on input line 1369.
Package xcolor Info: Model `Gray' substituted by `gray' on input line 1370.
Package xcolor Info: Model `wave' substituted by `hsb' on input line 1371.
))
\AM@pagewidth=\dimen175
\AM@pageheight=\dimen176

("D:\Archivos de Programa\MikTex\tex/latex/pdfpages\pppdftex.def"
File: pppdftex.def 2017/10/31 v0.5l Pdfpages driver for pdfTeX (AM)
)
\AM@pagebox=\box53
\AM@global@opts=\toks34
\AM@toc@title=\toks35
\c@AM@survey=\count273
\AM@templatesizebox=\box54
) (T1.aux)
\openout1 = `T1.aux'.

LaTeX Font Info:    Checking defaults for OML/cmm/m/it on input line 23.
LaTeX Font Info:    ... okay on input line 23.
LaTeX Font Info:    Checking defaults for T1/cmr/m/n on input line 23.
LaTeX Font Info:    ... okay on input line 23.
LaTeX Font Info:    Checking defaults for OT1/cmr/m/n on input line 23.
LaTeX Font Info:    ... okay on input line 23.
LaTeX Font Info:    Checking defaults for OMS/cmsy/m/n on input line 23.
LaTeX Font Info:    ... okay on input line 23.
LaTeX Font Info:    Checking defaults for OMX/cmex/m/n on input line 23.
LaTeX Font Info:    ... okay on input line 23.
LaTeX Font Info:    Checking defaults for U/cmr/m/n on input line 23.
LaTeX Font Info:    ... okay on input line 23.

*geometry* driver: auto-detecting
*geometry* detected driver: pdftex
*geometry* verbose mode - [ preamble ] result:
* driver: pdftex
* paper: letterpaper
* layout: <same size as paper>
* layoutoffset:(h,v)=(0.0pt,0.0pt)
* modes: 
* h-part:(L,W,R)=(92.14519pt, 430.00462pt, 92.14519pt)
* v-part:(T,H,B)=(95.39737pt, 556.47656pt, 143.09605pt)
* \paperwidth=614.295pt
* \paperheight=794.96999pt
* \textwidth=430.00462pt
* \textheight=556.47656pt
* \oddsidemargin=19.8752pt
* \evensidemargin=19.8752pt
* \topmargin=-13.87262pt
* \headheight=12.0pt
* \headsep=25.0pt
* \topskip=10.0pt
* \footskip=30.0pt
* \marginparwidth=65.0pt
* \marginparsep=11.0pt
* \columnsep=10.0pt
* \skip\footins=9.0pt plus 4.0pt minus 2.0pt
* \hoffset=0.0pt
* \voffset=0.0pt
* \mag=1000
* \@twocolumnfalse
* \@twosidefalse
* \@mparswitchfalse
* \@reversemarginfalse
* (1in=72.27pt=25.4mm, 1cm=28.453pt)

("D:\Archivos de Programa\MikTex\tex/context/base/mkii\supp-pdf.mkii"
[Loading MPS to PDF converter (version 2006.09.02).]
\scratchcounter=\count274
\scratchdimen=\dimen177
\scratchbox=\box55
\nofMPsegments=\count275
\nofMParguments=\count276
\everyMPshowfont=\toks36
\MPscratchCnt=\count277
\MPscratchDim=\dimen178
\MPnumerator=\count278
\makeMPintoPDFobject=\count279
\everyMPtoPDFconversion=\toks37
) ("D:\Archivos de Programa\MikTex\tex/latex/oberdiek\epstopdf-base.sty"
Package: epstopdf-base 2016/05/15 v2.6 Base part for package epstopdf

("D:\Archivos de Programa\MikTex\tex/latex/oberdiek\grfext.sty"
Package: grfext 2016/05/16 v1.2 Manage graphics extensions (HO)

("D:\Archivos de Programa\MikTex\tex/generic/oberdiek\kvdefinekeys.sty"
Package: kvdefinekeys 2016/05/16 v1.4 Define keys (HO)
))
("D:\Archivos de Programa\MikTex\tex/latex/oberdiek\kvoptions.sty"
Package: kvoptions 2016/05/16 v3.12 Key value format for package options (HO)

("D:\Archivos de Programa\MikTex\tex/generic/oberdiek\kvsetkeys.sty"
Package: kvsetkeys 2016/05/16 v1.17 Key value parser (HO)

("D:\Archivos de Programa\MikTex\tex/generic/oberdiek\etexcmds.sty"
Package: etexcmds 2016/05/16 v1.6 Avoid name clashes with e-TeX commands (HO)

("D:\Archivos de Programa\MikTex\tex/generic/oberdiek\ifluatex.sty"
Package: ifluatex 2016/05/16 v1.4 Provides the ifluatex switch (HO)
Package ifluatex Info: LuaTeX not detected.
))))
("D:\Archivos de Programa\MikTex\tex/generic/oberdiek\pdftexcmds.sty"
Package: pdftexcmds 2018/09/10 v0.29 Utility functions of pdfTeX for LuaTeX (HO
)
Package pdftexcmds Info: LuaTeX not detected.
Package pdftexcmds Info: \pdf@primitive is available.
Package pdftexcmds Info: \pdf@ifprimitive is available.
Package pdftexcmds Info: \pdfdraftmode found.
)
Package epstopdf-base Info: Redefining graphics rule for `.eps' on input line 4
38.
Package grfext Info: Graphics extension search list:
(grfext)             [.pdf,.png,.jpg,.mps,.jpeg,.jbig2,.jb2,.PDF,.PNG,.JPG,.JPE
G,.JBIG2,.JB2,.eps]
(grfext)             \AppendGraphicsExtensions on input line 456.
)
Package caption Info: Begin \AtBeginDocument code.
Package caption Info: End \AtBeginDocument code.
\AtBeginShipoutBox=\box56

("D:\Archivos de Programa\MikTex\tex/latex/oberdiek\pdflscape.sty"
Package: pdflscape 2016/05/14 v0.11 Display of landscape pages in PDF (HO)

("D:\Archivos de Programa\MikTex\tex/latex/graphics\lscape.sty"
Package: lscape 2000/10/22 v3.01 Landscape Pages (DPC)
)
Package pdflscape Info: Auto-detected driver: pdftex on input line 81.
)

pdfTeX warning: pdflatex (file ./portada.pdf): PDF inclusion: found PDF version
 <1.7>, but at most version <1.5> allowed
<portada.pdf, id=1, 614.295pt x 794.97pt>
File: portada.pdf Graphic file (type pdf)
<use portada.pdf>
Package pdftex.def Info: portada.pdf  used on input line 25.
(pdftex.def)             Requested size: 614.29349pt x 794.96806pt.


pdfTeX warning: pdflatex (file ./portada.pdf): PDF inclusion: found PDF version
 <1.7>, but at most version <1.5> allowed
File: portada.pdf Graphic file (type pdf)
<use portada.pdf>
Package pdftex.def Info: portada.pdf  used on input line 25.
(pdftex.def)             Requested size: 614.29349pt x 794.96806pt.


pdfTeX warning: pdflatex (file ./portada.pdf): PDF inclusion: found PDF version
 <1.7>, but at most version <1.5> allowed


pdfTeX warning: pdflatex (file ./portada.pdf): PDF inclusion: found PDF version
 <1.7>, but at most version <1.5> allowed
<portada.pdf, id=4, page=1, 614.295pt x 794.97pt>
File: portada.pdf Graphic file (type pdf)
<use portada.pdf, page 1>
Package pdftex.def Info: portada.pdf , page1 used on input line 25.
(pdftex.def)             Requested size: 614.29349pt x 794.96806pt.
File: portada.pdf Graphic file (type pdf)
<use portada.pdf, page 1>
Package pdftex.def Info: portada.pdf , page1 used on input line 25.
(pdftex.def)             Requested size: 614.58406pt x 795.3441pt.
File: portada.pdf Graphic file (type pdf)
<use portada.pdf, page 1>
Package pdftex.def Info: portada.pdf , page1 used on input line 25.
(pdftex.def)             Requested size: 614.58406pt x 795.3441pt.
File: portada.pdf Graphic file (type pdf)
<use portada.pdf, page 1>
Package pdftex.def Info: portada.pdf , page1 used on input line 25.
(pdftex.def)             Requested size: 614.58406pt x 795.3441pt.
File: portada.pdf Graphic file (type pdf)
<use portada.pdf, page 1>
Package pdftex.def Info: portada.pdf , page1 used on input line 25.
(pdftex.def)             Requested size: 614.58406pt x 795.3441pt.
[1

 <./portada.pdf>]
LaTeX Font Info:    Try loading font information for OT1+put on input line 26.
 ("D:\Archivos de Programa\MikTex\tex/latex/psnfss\ot1put.fd"
File: ot1put.fd 2001/06/04 font definitions for OT1/put.
)
LaTeX Font Info:    Try loading font information for U+msa on input line 28.
 ("D:\Archivos de Programa\MikTex\tex/latex/amsfonts\umsa.fd"
File: umsa.fd 2013/01/14 v3.01 AMS symbols A
)
LaTeX Font Info:    Try loading font information for U+msb on input line 28.

("D:\Archivos de Programa\MikTex\tex/latex/amsfonts\umsb.fd"
File: umsb.fd 2013/01/14 v3.01 AMS symbols B
) [2{C:/Users/Carlos Faz/AppData/Local/MiKTeX/2.9/pdftex/config/pdftex.map}]
<fig1.pdf, id=48, 626.18782pt x 409.41917pt>
File: fig1.pdf Graphic file (type pdf)
<use fig1.pdf>
Package pdftex.def Info: fig1.pdf  used on input line 58.
(pdftex.def)             Requested size: 313.09314pt x 204.70908pt.

Underfull \hbox (badness 10000) in paragraph at lines 65--66

 []

<fig2.pdf, id=49, 485.64906pt x 409.41917pt>
File: fig2.pdf Graphic file (type pdf)
<use fig2.pdf>
Package pdftex.def Info: fig2.pdf  used on input line 72.
(pdftex.def)             Requested size: 242.82393pt x 204.70908pt.
[3 <./fig1.pdf>]
<fig3.pdf, id=64, 435.94537pt x 409.41917pt>
File: fig3.pdf Graphic file (type pdf)
<use fig3.pdf>
Package pdftex.def Info: fig3.pdf  used on input line 86.
(pdftex.def)             Requested size: 217.97215pt x 204.70908pt.
<fig4.pdf, id=65, 436.58086pt x 414.92883pt>
File: fig4.pdf Graphic file (type pdf)
<use fig4.pdf>
Package pdftex.def Info: fig4.pdf  used on input line 94.
(pdftex.def)             Requested size: 218.28989pt x 207.4639pt.
 [4 <./fig2.pdf> <./fig3.pdf

pdfTeX warning: pdflatex (file ./fig3.pdf): PDF inclusion: multiple pdfs with p
age group included in a single page
>]
<fig5.pdf, id=107, 435.94537pt x 409.41917pt>
File: fig5.pdf Graphic file (type pdf)
<use fig5.pdf>
Package pdftex.def Info: fig5.pdf  used on input line 102.
(pdftex.def)             Requested size: 217.97215pt x 204.70908pt.
 [5 <./fig4.pdf> <./fig5.pdf

pdfTeX warning: pdflatex (file ./fig5.pdf): PDF inclusion: multiple pdfs with p
age group included in a single page
>]
<fig6.pdf, id=132, 435.94537pt x 409.41917pt>
File: fig6.pdf Graphic file (type pdf)
<use fig6.pdf>
Package pdftex.def Info: fig6.pdf  used on input line 110.
(pdftex.def)             Requested size: 217.97215pt x 204.70908pt.
<fig7.pdf, id=133, 972.51588pt x 411.69336pt>
File: fig7.pdf Graphic file (type pdf)
<use fig7.pdf>
Package pdftex.def Info: fig7.pdf  used on input line 126.
(pdftex.def)             Requested size: 437.62811pt x 185.2603pt.

Overfull \hbox (7.62349pt too wide) in paragraph at lines 126--127
 [] 
 []

[6 <./fig6.pdf>]
<fig8.pdf, id=142, 972.51576pt x 426.58481pt>
File: fig8.pdf Graphic file (type pdf)
<use fig8.pdf>
Package pdftex.def Info: fig8.pdf  used on input line 144.
(pdftex.def)             Requested size: 437.62805pt x 191.96138pt.

Overfull \hbox (7.62343pt too wide) in paragraph at lines 144--145
 [] 
 []

[7 <./fig7.pdf>]
<fig9.pdf, id=149, 972.51576pt x 426.58481pt>
File: fig9.pdf Graphic file (type pdf)
<use fig9.pdf>
Package pdftex.def Info: fig9.pdf  used on input line 147.
(pdftex.def)             Requested size: 437.62805pt x 191.96138pt.

Overfull \hbox (7.62343pt too wide) in paragraph at lines 147--148
 [] 
 []

<fig10.pdf, id=150, 972.51576pt x 426.58481pt>
File: fig10.pdf Graphic file (type pdf)
<use fig10.pdf>
Package pdftex.def Info: fig10.pdf  used on input line 150.
(pdftex.def)             Requested size: 437.62805pt x 191.96138pt.

Overfull \hbox (7.62343pt too wide) in paragraph at lines 150--151
 [] 
 []

[8 <./fig8.pdf> <./fig9.pdf

pdfTeX warning: pdflatex (file ./fig9.pdf): PDF inclusion: multiple pdfs with p
age group included in a single page
>] [9 <./fig10.pdf>] (T1.aux) ) 
Here is how much of TeX's memory you used:
 16886 strings out of 492895
 296337 string characters out of 3132070
 353223 words of memory out of 3000000
 20645 multiletter control sequences out of 15000+200000
 555298 words of font info for 63 fonts, out of 3000000 for 9000
 1141 hyphenation exceptions out of 8191
 47i,18n,65p,567b,416s stack positions out of 5000i,500n,10000p,200000b,50000s
{D:/Archivos de Programa/MikTex/fonts/enc/dvips/
base/8r.enc}<D:/Archivos de Programa/MikTex/fonts/type1/public/amsfonts/cm/cmbx
10.pfb><D:/Archivos de Programa/MikTex/fonts/type1/public/amsfonts/cm/cmex10.pf
b><D:/Archivos de Programa/MikTex/fonts/type1/public/amsfonts/cm/cmmi10.pfb><D:
/Archivos de Programa/MikTex/fonts/type1/public/amsfonts/cm/cmmi12.pfb><D:/Arch
ivos de Programa/MikTex/fonts/type1/public/amsfonts/cm/cmmi7.pfb><D:/Archivos d
e Programa/MikTex/fonts/type1/public/amsfonts/cm/cmmi8.pfb><D:/Archivos de Prog
rama/MikTex/fonts/type1/public/amsfonts/cm/cmr10.pfb><D:/Archivos de Programa/M
ikTex/fonts/type1/public/amsfonts/cm/cmr12.pfb><D:/Archivos de Programa/MikTex/
fonts/type1/public/amsfonts/cm/cmr5.pfb><D:/Archivos de Programa/MikTex/fonts/t
ype1/public/amsfonts/cm/cmr6.pfb><D:/Archivos de Programa/MikTex/fonts/type1/pu
blic/amsfonts/cm/cmr7.pfb><D:/Archivos de Programa/MikTex/fonts/type1/public/am
sfonts/cm/cmr8.pfb><D:/Archivos de Programa/MikTex/fonts/type1/public/amsfonts/
cm/cmsy10.pfb><D:/Archivos de Programa/MikTex/fonts/type1/public/amsfonts/cm/cm
sy7.pfb><D:/Archivos de Programa/MikTex/fonts/type1/public/amsfonts/cm/cmsy8.pf
b><D:/Archivos de Programa/MikTex/fonts/type1/public/amsfonts/cm/cmti10.pfb><D:
/Archivos de Programa/MikTex/fonts/type1/public/amsfonts/symbols/msbm10.pfb><D:
/Archivos de Programa/MikTex/fonts/type1/adobe/utopia/putr8a.pfb>
Output written on T1.pdf (9 pages, 604609 bytes).
PDF statistics:
 231 PDF objects out of 1000 (max. 8388607)
 0 named destinations out of 1000 (max. 500000)
 71 words of extra memory for PDF output out of 10000 (max. 10000000)

